<?xml version="1.0" encoding="UTF-8"?>
<testng-results ignored="0" total="1" passed="1" failed="0" skipped="0">
  <reporter-output>
  </reporter-output>
  <suite started-at="2023-07-26T03:09:33Z" name="Default suite" finished-at="2023-07-26T03:09:41Z" duration-ms="8179">
    <groups>
    </groups>
    <test started-at="2023-07-26T03:09:33Z" name="Default test" finished-at="2023-07-26T03:09:41Z" duration-ms="8179">
      <class name="testCase.StartChrome">
        <test-method is-config="true" signature="setup()[pri:0, instance:testCase.StartChrome@c074c0c]" started-at="2023-07-26T03:09:33Z" name="setup" finished-at="2023-07-26T03:09:41Z" duration-ms="8056" status="PASS">
          <reporter-output>
          </reporter-output>
        </test-method> <!-- setup -->
        <test-method signature="Search()[pri:0, instance:testCase.StartChrome@c074c0c]" started-at="2023-07-26T03:09:41Z" name="Search" finished-at="2023-07-26T03:09:41Z" duration-ms="89" status="PASS">
          <reporter-output>
          </reporter-output>
        </test-method> <!-- Search -->
      </class> <!-- testCase.StartChrome -->
    </test> <!-- Default test -->
  </suite> <!-- Default suite -->
</testng-results>
